<?xml version="1.0" encoding="UTF-8"?>
<testsuite xmlns:xsi="http://www.w3.org/2001/XMLSchema-instance" xsi:noNamespaceSchemaLocation="https://maven.apache.org/surefire/maven-surefire-plugin/xsd/surefire-test-report.xsd" name="TestSuite" time="21.267" tests="1" errors="0" skipped="0" failures="1">
  <properties>
    <property name="sun.desktop" value="windows"/>
    <property name="awt.toolkit" value="sun.awt.windows.WToolkit"/>
    <property name="file.encoding.pkg" value="sun.io"/>
    <property name="java.specification.version" value="1.8"/>
    <property name="sun.cpu.isalist" value="amd64"/>
    <property name="sun.jnu.encoding" value="Cp1252"/>
    <property name="java.class.path" value="C:\Users\Admin\eclipse-workspace\Demo_Cowell\target\test-classes;C:\Users\Admin\eclipse-workspace\Demo_Cowell\target\classes;C:\Users\Admin\.m2\repository\org\testng\testng\6.8\testng-6.8.jar;C:\Users\Admin\.m2\repository\junit\junit\4.10\junit-4.10.jar;C:\Users\Admin\.m2\repository\org\hamcrest\hamcrest-core\1.1\hamcrest-core-1.1.jar;C:\Users\Admin\.m2\repository\org\beanshell\bsh\2.0b4\bsh-2.0b4.jar;C:\Users\Admin\.m2\repository\com\beust\jcommander\1.27\jcommander-1.27.jar;C:\Users\Admin\.m2\repository\org\yaml\snakeyaml\1.6\snakeyaml-1.6.jar;C:\Users\Admin\.m2\repository\org\seleniumhq\selenium\selenium-java\3.141.59\selenium-java-3.141.59.jar;C:\Users\Admin\.m2\repository\org\seleniumhq\selenium\selenium-api\3.141.59\selenium-api-3.141.59.jar;C:\Users\Admin\.m2\repository\org\seleniumhq\selenium\selenium-chrome-driver\3.141.59\selenium-chrome-driver-3.141.59.jar;C:\Users\Admin\.m2\repository\org\seleniumhq\selenium\selenium-edge-driver\3.141.59\selenium-edge-driver-3.141.59.jar;C:\Users\Admin\.m2\repository\org\seleniumhq\selenium\selenium-firefox-driver\3.141.59\selenium-firefox-driver-3.141.59.jar;C:\Users\Admin\.m2\repository\org\seleniumhq\selenium\selenium-ie-driver\3.141.59\selenium-ie-driver-3.141.59.jar;C:\Users\Admin\.m2\repository\org\seleniumhq\selenium\selenium-opera-driver\3.141.59\selenium-opera-driver-3.141.59.jar;C:\Users\Admin\.m2\repository\org\seleniumhq\selenium\selenium-remote-driver\3.141.59\selenium-remote-driver-3.141.59.jar;C:\Users\Admin\.m2\repository\org\seleniumhq\selenium\selenium-safari-driver\3.141.59\selenium-safari-driver-3.141.59.jar;C:\Users\Admin\.m2\repository\net\bytebuddy\byte-buddy\1.8.15\byte-buddy-1.8.15.jar;C:\Users\Admin\.m2\repository\org\apache\commons\commons-exec\1.3\commons-exec-1.3.jar;C:\Users\Admin\.m2\repository\com\google\guava\guava\25.0-jre\guava-25.0-jre.jar;C:\Users\Admin\.m2\repository\com\google\code\findbugs\jsr305\1.3.9\jsr305-1.3.9.jar;C:\Users\Admin\.m2\repository\org\checkerframework\checker-compat-qual\2.0.0\checker-compat-qual-2.0.0.jar;C:\Users\Admin\.m2\repository\com\google\errorprone\error_prone_annotations\2.1.3\error_prone_annotations-2.1.3.jar;C:\Users\Admin\.m2\repository\com\google\j2objc\j2objc-annotations\1.1\j2objc-annotations-1.1.jar;C:\Users\Admin\.m2\repository\org\codehaus\mojo\animal-sniffer-annotations\1.14\animal-sniffer-annotations-1.14.jar;C:\Users\Admin\.m2\repository\com\squareup\okhttp3\okhttp\3.11.0\okhttp-3.11.0.jar;C:\Users\Admin\.m2\repository\com\squareup\okio\okio\1.14.0\okio-1.14.0.jar;C:\Users\Admin\.m2\repository\org\seleniumhq\selenium\selenium-support\3.141.59\selenium-support-3.141.59.jar;C:\Users\Admin\.m2\repository\io\github\bonigarcia\webdrivermanager\3.6.0\webdrivermanager-3.6.0.jar;C:\Users\Admin\.m2\repository\commons-io\commons-io\2.6\commons-io-2.6.jar;C:\Users\Admin\.m2\repository\com\google\code\gson\gson\2.8.5\gson-2.8.5.jar;C:\Users\Admin\.m2\repository\org\apache\commons\commons-lang3\3.8.1\commons-lang3-3.8.1.jar;C:\Users\Admin\.m2\repository\org\apache\httpcomponents\httpclient\4.5.6\httpclient-4.5.6.jar;C:\Users\Admin\.m2\repository\org\apache\httpcomponents\httpcore\4.4.10\httpcore-4.4.10.jar;C:\Users\Admin\.m2\repository\commons-logging\commons-logging\1.2\commons-logging-1.2.jar;C:\Users\Admin\.m2\repository\commons-codec\commons-codec\1.10\commons-codec-1.10.jar;C:\Users\Admin\.m2\repository\org\rauschig\jarchivelib\1.0.0\jarchivelib-1.0.0.jar;C:\Users\Admin\.m2\repository\org\apache\commons\commons-compress\1.18\commons-compress-1.18.jar;C:\Users\Admin\.m2\repository\org\jsoup\jsoup\1.11.3\jsoup-1.11.3.jar;C:\Users\Admin\.m2\repository\org\uncommons\reportng\1.1.4\reportng-1.1.4.jar;C:\Users\Admin\.m2\repository\velocity\velocity\1.4\velocity-1.4.jar;C:\Users\Admin\.m2\repository\com\fasterxml\jackson\core\jackson-core\2.9.4\jackson-core-2.9.4.jar;C:\Users\Admin\.m2\repository\com\fasterxml\jackson\core\jackson-databind\2.9.4\jackson-databind-2.9.4.jar;C:\Users\Admin\.m2\repository\com\fasterxml\jackson\core\jackson-annotations\2.9.0\jackson-annotations-2.9.0.jar;C:\Users\Admin\.m2\repository\com\relevantcodes\extentreports\2.41.2\extentreports-2.41.2.jar;C:\Users\Admin\.m2\repository\org\xerial\sqlite-jdbc\3.8.11.1\sqlite-jdbc-3.8.11.1.jar;C:\Users\Admin\.m2\repository\org\freemarker\freemarker\2.3.23\freemarker-2.3.23.jar;C:\Users\Admin\.m2\repository\org\mongodb\mongodb-driver\3.0.4\mongodb-driver-3.0.4.jar;C:\Users\Admin\.m2\repository\org\mongodb\bson\3.0.4\bson-3.0.4.jar;C:\Users\Admin\.m2\repository\org\mongodb\mongodb-driver-core\3.0.4\mongodb-driver-core-3.0.4.jar;C:\Users\Admin\.m2\repository\joda-time\joda-time\2.0\joda-time-2.0.jar;C:\Users\Admin\.m2\repository\log4j\log4j\1.2.16\log4j-1.2.16.jar;C:\Users\Admin\.m2\repository\org\slf4j\slf4j-api\1.7.24\slf4j-api-1.7.24.jar;C:\Users\Admin\.m2\repository\velocity\velocity-dep\1.4\velocity-dep-1.4.jar;C:\Users\Admin\.m2\repository\com\google\inject\guice\4.1.0\guice-4.1.0.jar;C:\Users\Admin\.m2\repository\javax\inject\javax.inject\1\javax.inject-1.jar;C:\Users\Admin\.m2\repository\aopalliance\aopalliance\1.0\aopalliance-1.0.jar;C:\Users\Admin\.m2\repository\javax\mail\mail\1.4\mail-1.4.jar;C:\Users\Admin\.m2\repository\javax\activation\activation\1.1\activation-1.1.jar;C:\Users\Admin\.m2\repository\com\github\javafaker\javafaker\1.0.1\javafaker-1.0.1.jar;C:\Users\Admin\.m2\repository\org\yaml\snakeyaml\1.23\snakeyaml-1.23-android.jar;C:\Users\Admin\.m2\repository\com\github\mifmif\generex\1.0.2\generex-1.0.2.jar;C:\Users\Admin\.m2\repository\dk\brics\automaton\automaton\1.11-8\automaton-1.11-8.jar;"/>
    <property name="java.vm.vendor" value="Oracle Corporation"/>
    <property name="sun.arch.data.model" value="64"/>
    <property name="user.variant" value=""/>
    <property name="java.vendor.url" value="http://java.oracle.com/"/>
    <property name="user.timezone" value="Asia/Bangkok"/>
    <property name="java.vm.specification.version" value="1.8"/>
    <property name="os.name" value="Windows 10"/>
    <property name="user.country" value="US"/>
    <property name="sun.java.launcher" value="SUN_STANDARD"/>
    <property name="sun.boot.library.path" value="C:\Program Files\Java\jdk1.8.0_241\jre\bin"/>
    <property name="sun.java.command" value="C:\Users\Admin\AppData\Local\Temp\surefire6101372882306417302\surefirebooter6652322710871690335.jar C:\Users\Admin\AppData\Local\Temp\surefire6101372882306417302 2020-04-02T15-58-12_103-jvmRun1 surefire5050784654920956923tmp surefire_0728841726553828297tmp"/>
    <property name="surefire.test.class.path" value="C:\Users\Admin\eclipse-workspace\Demo_Cowell\target\test-classes;C:\Users\Admin\eclipse-workspace\Demo_Cowell\target\classes;C:\Users\Admin\.m2\repository\org\testng\testng\6.8\testng-6.8.jar;C:\Users\Admin\.m2\repository\junit\junit\4.10\junit-4.10.jar;C:\Users\Admin\.m2\repository\org\hamcrest\hamcrest-core\1.1\hamcrest-core-1.1.jar;C:\Users\Admin\.m2\repository\org\beanshell\bsh\2.0b4\bsh-2.0b4.jar;C:\Users\Admin\.m2\repository\com\beust\jcommander\1.27\jcommander-1.27.jar;C:\Users\Admin\.m2\repository\org\yaml\snakeyaml\1.6\snakeyaml-1.6.jar;C:\Users\Admin\.m2\repository\org\seleniumhq\selenium\selenium-java\3.141.59\selenium-java-3.141.59.jar;C:\Users\Admin\.m2\repository\org\seleniumhq\selenium\selenium-api\3.141.59\selenium-api-3.141.59.jar;C:\Users\Admin\.m2\repository\org\seleniumhq\selenium\selenium-chrome-driver\3.141.59\selenium-chrome-driver-3.141.59.jar;C:\Users\Admin\.m2\repository\org\seleniumhq\selenium\selenium-edge-driver\3.141.59\selenium-edge-driver-3.141.59.jar;C:\Users\Admin\.m2\repository\org\seleniumhq\selenium\selenium-firefox-driver\3.141.59\selenium-firefox-driver-3.141.59.jar;C:\Users\Admin\.m2\repository\org\seleniumhq\selenium\selenium-ie-driver\3.141.59\selenium-ie-driver-3.141.59.jar;C:\Users\Admin\.m2\repository\org\seleniumhq\selenium\selenium-opera-driver\3.141.59\selenium-opera-driver-3.141.59.jar;C:\Users\Admin\.m2\repository\org\seleniumhq\selenium\selenium-remote-driver\3.141.59\selenium-remote-driver-3.141.59.jar;C:\Users\Admin\.m2\repository\org\seleniumhq\selenium\selenium-safari-driver\3.141.59\selenium-safari-driver-3.141.59.jar;C:\Users\Admin\.m2\repository\net\bytebuddy\byte-buddy\1.8.15\byte-buddy-1.8.15.jar;C:\Users\Admin\.m2\repository\org\apache\commons\commons-exec\1.3\commons-exec-1.3.jar;C:\Users\Admin\.m2\repository\com\google\guava\guava\25.0-jre\guava-25.0-jre.jar;C:\Users\Admin\.m2\repository\com\google\code\findbugs\jsr305\1.3.9\jsr305-1.3.9.jar;C:\Users\Admin\.m2\repository\org\checkerframework\checker-compat-qual\2.0.0\checker-compat-qual-2.0.0.jar;C:\Users\Admin\.m2\repository\com\google\errorprone\error_prone_annotations\2.1.3\error_prone_annotations-2.1.3.jar;C:\Users\Admin\.m2\repository\com\google\j2objc\j2objc-annotations\1.1\j2objc-annotations-1.1.jar;C:\Users\Admin\.m2\repository\org\codehaus\mojo\animal-sniffer-annotations\1.14\animal-sniffer-annotations-1.14.jar;C:\Users\Admin\.m2\repository\com\squareup\okhttp3\okhttp\3.11.0\okhttp-3.11.0.jar;C:\Users\Admin\.m2\repository\com\squareup\okio\okio\1.14.0\okio-1.14.0.jar;C:\Users\Admin\.m2\repository\org\seleniumhq\selenium\selenium-support\3.141.59\selenium-support-3.141.59.jar;C:\Users\Admin\.m2\repository\io\github\bonigarcia\webdrivermanager\3.6.0\webdrivermanager-3.6.0.jar;C:\Users\Admin\.m2\repository\commons-io\commons-io\2.6\commons-io-2.6.jar;C:\Users\Admin\.m2\repository\com\google\code\gson\gson\2.8.5\gson-2.8.5.jar;C:\Users\Admin\.m2\repository\org\apache\commons\commons-lang3\3.8.1\commons-lang3-3.8.1.jar;C:\Users\Admin\.m2\repository\org\apache\httpcomponents\httpclient\4.5.6\httpclient-4.5.6.jar;C:\Users\Admin\.m2\repository\org\apache\httpcomponents\httpcore\4.4.10\httpcore-4.4.10.jar;C:\Users\Admin\.m2\repository\commons-logging\commons-logging\1.2\commons-logging-1.2.jar;C:\Users\Admin\.m2\repository\commons-codec\commons-codec\1.10\commons-codec-1.10.jar;C:\Users\Admin\.m2\repository\org\rauschig\jarchivelib\1.0.0\jarchivelib-1.0.0.jar;C:\Users\Admin\.m2\repository\org\apache\commons\commons-compress\1.18\commons-compress-1.18.jar;C:\Users\Admin\.m2\repository\org\jsoup\jsoup\1.11.3\jsoup-1.11.3.jar;C:\Users\Admin\.m2\repository\org\uncommons\reportng\1.1.4\reportng-1.1.4.jar;C:\Users\Admin\.m2\repository\velocity\velocity\1.4\velocity-1.4.jar;C:\Users\Admin\.m2\repository\com\fasterxml\jackson\core\jackson-core\2.9.4\jackson-core-2.9.4.jar;C:\Users\Admin\.m2\repository\com\fasterxml\jackson\core\jackson-databind\2.9.4\jackson-databind-2.9.4.jar;C:\Users\Admin\.m2\repository\com\fasterxml\jackson\core\jackson-annotations\2.9.0\jackson-annotations-2.9.0.jar;C:\Users\Admin\.m2\repository\com\relevantcodes\extentreports\2.41.2\extentreports-2.41.2.jar;C:\Users\Admin\.m2\repository\org\xerial\sqlite-jdbc\3.8.11.1\sqlite-jdbc-3.8.11.1.jar;C:\Users\Admin\.m2\repository\org\freemarker\freemarker\2.3.23\freemarker-2.3.23.jar;C:\Users\Admin\.m2\repository\org\mongodb\mongodb-driver\3.0.4\mongodb-driver-3.0.4.jar;C:\Users\Admin\.m2\repository\org\mongodb\bson\3.0.4\bson-3.0.4.jar;C:\Users\Admin\.m2\repository\org\mongodb\mongodb-driver-core\3.0.4\mongodb-driver-core-3.0.4.jar;C:\Users\Admin\.m2\repository\joda-time\joda-time\2.0\joda-time-2.0.jar;C:\Users\Admin\.m2\repository\log4j\log4j\1.2.16\log4j-1.2.16.jar;C:\Users\Admin\.m2\repository\org\slf4j\slf4j-api\1.7.24\slf4j-api-1.7.24.jar;C:\Users\Admin\.m2\repository\velocity\velocity-dep\1.4\velocity-dep-1.4.jar;C:\Users\Admin\.m2\repository\com\google\inject\guice\4.1.0\guice-4.1.0.jar;C:\Users\Admin\.m2\repository\javax\inject\javax.inject\1\javax.inject-1.jar;C:\Users\Admin\.m2\repository\aopalliance\aopalliance\1.0\aopalliance-1.0.jar;C:\Users\Admin\.m2\repository\javax\mail\mail\1.4\mail-1.4.jar;C:\Users\Admin\.m2\repository\javax\activation\activation\1.1\activation-1.1.jar;C:\Users\Admin\.m2\repository\com\github\javafaker\javafaker\1.0.1\javafaker-1.0.1.jar;C:\Users\Admin\.m2\repository\org\yaml\snakeyaml\1.23\snakeyaml-1.23-android.jar;C:\Users\Admin\.m2\repository\com\github\mifmif\generex\1.0.2\generex-1.0.2.jar;C:\Users\Admin\.m2\repository\dk\brics\automaton\automaton\1.11-8\automaton-1.11-8.jar;"/>
    <property name="sun.cpu.endian" value="little"/>
    <property name="user.home" value="C:\Users\Admin"/>
    <property name="user.language" value="en"/>
    <property name="java.specification.vendor" value="Oracle Corporation"/>
    <property name="java.home" value="C:\Program Files\Java\jdk1.8.0_241\jre"/>
    <property name="basedir" value="C:\Users\Admin\eclipse-workspace\Demo_Cowell"/>
    <property name="file.separator" value="\"/>
    <property name="line.separator" value="&#10;"/>
    <property name="java.vm.specification.vendor" value="Oracle Corporation"/>
    <property name="java.specification.name" value="Java Platform API Specification"/>
    <property name="java.awt.graphicsenv" value="sun.awt.Win32GraphicsEnvironment"/>
    <property name="surefire.real.class.path" value="C:\Users\Admin\AppData\Local\Temp\surefire6101372882306417302\surefirebooter6652322710871690335.jar"/>
    <property name="sun.boot.class.path" value="C:\Program Files\Java\jdk1.8.0_241\jre\lib\resources.jar;C:\Program Files\Java\jdk1.8.0_241\jre\lib\rt.jar;C:\Program Files\Java\jdk1.8.0_241\jre\lib\sunrsasign.jar;C:\Program Files\Java\jdk1.8.0_241\jre\lib\jsse.jar;C:\Program Files\Java\jdk1.8.0_241\jre\lib\jce.jar;C:\Program Files\Java\jdk1.8.0_241\jre\lib\charsets.jar;C:\Program Files\Java\jdk1.8.0_241\jre\lib\jfr.jar;C:\Program Files\Java\jdk1.8.0_241\jre\classes"/>
    <property name="user.script" value=""/>
    <property name="sun.management.compiler" value="HotSpot 64-Bit Tiered Compilers"/>
    <property name="java.runtime.version" value="1.8.0_241-b07"/>
    <property name="user.name" value="Admin"/>
    <property name="path.separator" value=";"/>
    <property name="os.version" value="10.0"/>
    <property name="java.endorsed.dirs" value="C:\Program Files\Java\jdk1.8.0_241\jre\lib\endorsed"/>
    <property name="java.runtime.name" value="Java(TM) SE Runtime Environment"/>
    <property name="file.encoding" value="Cp1252"/>
    <property name="java.vm.name" value="Java HotSpot(TM) 64-Bit Server VM"/>
    <property name="localRepository" value="C:\Users\Admin\.m2\repository"/>
    <property name="java.vendor.url.bug" value="http://bugreport.sun.com/bugreport/"/>
    <property name="java.io.tmpdir" value="C:\Users\Admin\AppData\Local\Temp\"/>
    <property name="java.version" value="1.8.0_241"/>
    <property name="user.dir" value="C:\Users\Admin\eclipse-workspace\Demo_Cowell"/>
    <property name="os.arch" value="amd64"/>
    <property name="java.vm.specification.name" value="Java Virtual Machine Specification"/>
    <property name="java.awt.printerjob" value="sun.awt.windows.WPrinterJob"/>
    <property name="sun.os.patch.level" value=""/>
    <property name="java.library.path" value="C:\Program Files\Java\jdk1.8.0_241\jre\bin;C:\Windows\Sun\Java\bin;C:\Windows\system32;C:\Windows;C:/Program Files/Java/jre1.8.0_241/bin/server;C:/Program Files/Java/jre1.8.0_241/bin;C:/Program Files/Java/jre1.8.0_241/lib/amd64;C:\Program Files (x86)\NetSarang\Xshell 6\;C:\Program Files (x86)\Common Files\Oracle\Java\javapath;C:\Windows\system32;C:\Windows;C:\Windows\System32\Wbem;C:\Windows\System32\WindowsPowerShell\v1.0\;C:\Windows\System32\OpenSSH\;C:\Program Files\Java\jdk1.8.0_241\bin;C:\Program Files\NVIDIA Corporation\NVIDIA NvDLISR;C:\apache-maven-3.6.3-bin\apache-maven-3.6.3\bin;C:\Program Files\Git\cmd;C:\Program Files\nodejs\;C:\Users\Admin\AppData\Local\Microsoft\WindowsApps;C:\Users\Admin\AppData\Roaming\npm;C:\Users\Admin\AppData\Local\Programs\Microsoft VS Code\bin;C:\Windows\System32;;."/>
    <property name="java.vm.info" value="mixed mode"/>
    <property name="java.vendor" value="Oracle Corporation"/>
    <property name="java.vm.version" value="25.241-b07"/>
    <property name="java.ext.dirs" value="C:\Program Files\Java\jdk1.8.0_241\jre\lib\ext;C:\Windows\Sun\Java\lib\ext"/>
    <property name="sun.io.unicode.encoding" value="UnicodeLittle"/>
    <property name="java.class.version" value="52.0"/>
  </properties>
  <testcase name="TC01_ContactUsWithValidData" classname="Testcases.ContactUs" time="5.105">
    <failure type="java.lang.NullPointerException">java.lang.NullPointerException
	at Testcases.ContactUs.TC01_ContactUsWithValidData(ContactUs.java:55)
</failure>
    <system-out><![CDATA[INFO  ContactUs - TC01_ContactUsWithValidData: Step 01: Waiting for Home page is displayed
INFO  ContactUs -  --- PASSED ---
INFO  ContactUs -  --- FAILED ---
INFO  ContactUs - TC01_ContactUsWithValidData: Step 02: Click to 'Liên h?' link
INFO  ContactUs - TC01_ContactUsWithValidData: Step 03: Waiting for Contact page is displayed
INFO  ContactUs -  --- PASSED ---
INFO  ContactUs -  --- FAILED ---
INFO  ContactUs - TC01_ContactUsWithValidData: Step 04: Input data to 'H? & tên' textbox
INFO  ContactUs - TC01_ContactUsWithValidData: Step 05: Input data to 'Email' textbox
INFO  ContactUs - TC01_ContactUsWithValidData: Step 06: Input data to '?i?n tho?i' textbox
INFO  ContactUs - TC01_ContactUsWithValidData: Step 07: Select value for 'M?c ?ích liên h?'
INFO  ContactUs - TC01_ContactUsWithValidData: Step 08: Input data to 'Message' textarea
INFO  ContactUs - TC01_ContactUsWithValidData: Step 09: Click to 'G?i tin' button
INFO  ContactUs - TC01_ContactUsWithValidData: Step 11: Wait for the success message displayed
INFO  ContactUs - TC01_ContactUsWithValidData: Step 12: Verify the success message
INFO  ContactUs -  --- PASSED ---
INFO  ContactUs -  --- FAILED ---
]]></system-out>
    <system-err><![CDATA[log4j:WARN Continuable parsing error 5 and column 16
log4j:WARN Attribute "xmlns:log4j" with value "https://jakarta.apache.org/log4j/" must have a value of "http://jakarta.apache.org/log4j/".
Apr 02, 2020 3:58:13 PM org.openqa.selenium.remote.DesiredCapabilities chrome
INFO: Using `new ChromeOptions()` is preferred to `DesiredCapabilities.chrome()`
Starting ChromeDriver 80.0.3987.106 (f68069574609230cf9b635cd784cfb1bf81bb53a-refs/branch-heads/3987@{#882}) on port 26558
Only local connections are allowed.
Please protect ports used by ChromeDriver and related test frameworks to prevent access by malicious code.
Apr 02, 2020 3:58:16 PM org.openqa.selenium.remote.ProtocolHandshake createSession
INFO: Detected dialect: W3C
[1585817897.128][SEVERE]: Timed out receiving message from renderer: 0.100
[1585817897.519][SEVERE]: Timed out receiving message from renderer: 0.100
[1585817897.744][SEVERE]: Timed out receiving message from renderer: 0.100
[1585817897.845][SEVERE]: Timed out receiving message from renderer: 0.100
[1585817897.946][SEVERE]: Timed out receiving message from renderer: 0.100
[1585817898.266][SEVERE]: Timed out receiving message from renderer: 0.100
[1585817898.368][SEVERE]: Timed out receiving message from renderer: 0.100
[1585817898.468][SEVERE]: Timed out receiving message from renderer: 0.100
[1585817898.569][SEVERE]: Timed out receiving message from renderer: 0.100
[1585817898.671][SEVERE]: Timed out receiving message from renderer: 0.100
[1585817898.771][SEVERE]: Timed out receiving message from renderer: 0.100
[1585817898.872][SEVERE]: Timed out receiving message from renderer: 0.100
[1585817898.973][SEVERE]: Timed out receiving message from renderer: 0.100
[1585817899.074][SEVERE]: Timed out receiving message from renderer: 0.100
[1585817899.176][SEVERE]: Timed out receiving message from renderer: 0.100
[1585817899.277][SEVERE]: Timed out receiving message from renderer: 0.100
[1585817899.378][SEVERE]: Timed out receiving message from renderer: 0.100
[1585817899.479][SEVERE]: Timed out receiving message from renderer: 0.100
[1585817899.580][SEVERE]: Timed out receiving message from renderer: 0.100
[1585817899.682][SEVERE]: Timed out receiving message from renderer: 0.100
[1585817899.784][SEVERE]: Timed out receiving message from renderer: 0.100
[1585817899.885][SEVERE]: Timed out receiving message from renderer: 0.100
[1585817899.987][SEVERE]: Timed out receiving message from renderer: 0.100
[1585817900.088][SEVERE]: Timed out receiving message from renderer: 0.100
[1585817900.189][SEVERE]: Timed out receiving message from renderer: 0.100
[1585817900.290][SEVERE]: Timed out receiving message from renderer: 0.100
[1585817900.391][SEVERE]: Timed out receiving message from renderer: 0.100
[1585817900.553][SEVERE]: Timed out receiving message from renderer: 0.100
[1585817900.654][SEVERE]: Timed out receiving message from renderer: 0.100
[1585817900.755][SEVERE]: Timed out receiving message from renderer: 0.100
[1585817900.858][SEVERE]: Timed out receiving message from renderer: 0.100
[1585817900.959][SEVERE]: Timed out receiving message from renderer: 0.100
[1585817901.061][SEVERE]: Timed out receiving message from renderer: 0.100
[1585817901.162][SEVERE]: Timed out receiving message from renderer: 0.100
[1585817901.264][SEVERE]: Timed out receiving message from renderer: 0.100
[1585817901.365][SEVERE]: Timed out receiving message from renderer: 0.100
[1585817901.466][SEVERE]: Timed out receiving message from renderer: 0.100
[1585817901.567][SEVERE]: Timed out receiving message from renderer: 0.100
[1585817901.767][SEVERE]: Timed out receiving message from renderer: 0.100
[1585817901.868][SEVERE]: Timed out receiving message from renderer: 0.100
[1585817902.057][SEVERE]: Timed out receiving message from renderer: 0.100
[1585817902.251][SEVERE]: Timed out receiving message from renderer: 0.100
[1585817902.353][SEVERE]: Timed out receiving message from renderer: 0.100
[1585817902.510][SEVERE]: Timed out receiving message from renderer: 0.100
[1585817902.611][SEVERE]: Timed out receiving message from renderer: 0.100
[1585817902.745][SEVERE]: Timed out receiving message from renderer: 0.100
[1585817902.846][SEVERE]: Timed out receiving message from renderer: 0.100
[1585817902.948][SEVERE]: Timed out receiving message from renderer: 0.100
[1585817903.049][SEVERE]: Timed out receiving message from renderer: 0.100
[1585817903.150][SEVERE]: Timed out receiving message from renderer: 0.100
[1585817903.322][SEVERE]: Timed out receiving message from renderer: 0.100
[1585817903.423][SEVERE]: Timed out receiving message from renderer: 0.100
[1585817903.526][SEVERE]: Timed out receiving message from renderer: 0.100
[1585817903.629][SEVERE]: Timed out receiving message from renderer: 0.100
[1585817903.730][SEVERE]: Timed out receiving message from renderer: 0.100
[1585817903.832][SEVERE]: Timed out receiving message from renderer: 0.100
[1585817903.933][SEVERE]: Timed out receiving message from renderer: 0.100
[1585817904.035][SEVERE]: Timed out receiving message from renderer: 0.100
[1585817904.136][SEVERE]: Timed out receiving message from renderer: 0.100
[1585817904.238][SEVERE]: Timed out receiving message from renderer: 0.100
[1585817904.339][SEVERE]: Timed out receiving message from renderer: 0.100
[1585817904.440][SEVERE]: Timed out receiving message from renderer: 0.100
[1585817904.542][SEVERE]: Timed out receiving message from renderer: 0.100
[1585817904.644][SEVERE]: Timed out receiving message from renderer: 0.100
[1585817904.746][SEVERE]: Timed out receiving message from renderer: 0.100
[1585817904.848][SEVERE]: Timed out receiving message from renderer: 0.100
[1585817904.951][SEVERE]: Timed out receiving message from renderer: 0.100
[1585817905.052][SEVERE]: Timed out receiving message from renderer: 0.100
[1585817905.154][SEVERE]: Timed out receiving message from renderer: 0.100
[1585817905.255][SEVERE]: Timed out receiving message from renderer: 0.100
[1585817905.357][SEVERE]: Timed out receiving message from renderer: 0.100
[1585817905.459][SEVERE]: Timed out receiving message from renderer: 0.100
[1585817905.561][SEVERE]: Timed out receiving message from renderer: 0.100
[1585817905.663][SEVERE]: Timed out receiving message from renderer: 0.100
[1585817905.764][SEVERE]: Timed out receiving message from renderer: 0.100
[1585817905.867][SEVERE]: Timed out receiving message from renderer: 0.100
[1585817905.968][SEVERE]: Timed out receiving message from renderer: 0.100
[1585817906.070][SEVERE]: Timed out receiving message from renderer: 0.100
[1585817906.172][SEVERE]: Timed out receiving message from renderer: 0.100
[1585817906.273][SEVERE]: Timed out receiving message from renderer: 0.100
[1585817906.375][SEVERE]: Timed out receiving message from renderer: 0.100
[1585817906.478][SEVERE]: Timed out receiving message from renderer: 0.100
[1585817906.580][SEVERE]: Timed out receiving message from renderer: 0.100
[1585817906.683][SEVERE]: Timed out receiving message from renderer: 0.100
[1585817906.786][SEVERE]: Timed out receiving message from renderer: 0.100
[1585817906.887][SEVERE]: Timed out receiving message from renderer: 0.100
[1585817906.989][SEVERE]: Timed out receiving message from renderer: 0.100
[1585817907.093][SEVERE]: Timed out receiving message from renderer: 0.100
[1585817907.194][SEVERE]: Timed out receiving message from renderer: 0.100
[1585817907.295][SEVERE]: Timed out receiving message from renderer: 0.100
[1585817907.396][SEVERE]: Timed out receiving message from renderer: 0.100
[1585817907.498][SEVERE]: Timed out receiving message from renderer: 0.100
[1585817907.600][SEVERE]: Timed out receiving message from renderer: 0.100
[1585817907.702][SEVERE]: Timed out receiving message from renderer: 0.100
[1585817907.803][SEVERE]: Timed out receiving message from renderer: 0.100
[1585817907.904][SEVERE]: Timed out receiving message from renderer: 0.100
[1585817908.007][SEVERE]: Timed out receiving message from renderer: 0.100
[1585817908.109][SEVERE]: Timed out receiving message from renderer: 0.100
[1585817908.212][SEVERE]: Timed out receiving message from renderer: 0.100
[1585817909.384][SEVERE]: Timed out receiving message from renderer: 0.100
[1585817909.486][SEVERE]: Timed out receiving message from renderer: 0.100
[1585817909.587][SEVERE]: Timed out receiving message from renderer: 0.100
[1585817909.688][SEVERE]: Timed out receiving message from renderer: 0.100
[1585817909.790][SEVERE]: Timed out receiving message from renderer: 0.100
[1585817909.892][SEVERE]: Timed out receiving message from renderer: 0.100
[1585817909.995][SEVERE]: Timed out receiving message from renderer: 0.100
[1585817910.097][SEVERE]: Timed out receiving message from renderer: 0.100
[1585817910.300][SEVERE]: Timed out receiving message from renderer: 0.100
[1585817910.401][SEVERE]: Timed out receiving message from renderer: 0.100
[1585817910.597][SEVERE]: Timed out receiving message from renderer: 0.100
[1585817910.698][SEVERE]: Timed out receiving message from renderer: 0.100
[1585817910.852][SEVERE]: Timed out receiving message from renderer: 0.100
]]></system-err>
  </testcase>
</testsuite>